2025-02-13T08:34:13.947Z - Request: /api/job/
2025-02-13T08:34:14.464Z - Request: /favicon.ico
2025-02-13T08:34:31.484Z - Request: /
2025-02-13T08:35:22.378Z - Request: /
2025-02-13T08:35:26.071Z - Request: /
2025-02-13T08:36:27.482Z - Request: /
2025-02-13T08:39:23.339Z - Request: /
2025-02-13T08:48:16.574Z - Request: /api/print/POS-80C
2025-02-13T08:49:40.774Z - Request: /
2025-02-13T08:51:56.365Z - Request: /api/print/50637216
2025-02-13T08:54:10.244Z - Request: /api/print/4ac549bb
2025-02-13T08:56:49.616Z - Request: /api/print/4ac549bb
2025-02-13T09:03:16.173Z - Request: /api/print/4ac549bb
2025-02-13T09:04:51.493Z - Request: /api/print/4ac549bb
2025-02-13T09:09:08.917Z - Request: /api/print/4ac549bb
2025-02-13T09:11:35.923Z - Request: /api/print/4ac549bb
2025-02-13T09:24:15.969Z - Request: /
2025-02-13T09:24:44.717Z - Request: /
2025-02-13T09:33:08.169Z - Request: /
2025-02-13T09:33:16.803Z - Request: /
2025-02-13T09:33:26.666Z - Request: /
2025-02-13T09:33:39.310Z - Request: /
2025-02-13T09:33:42.142Z - Request: /
2025-02-13T09:33:55.330Z - Request: /api/print/4ac549bb
2025-02-13T09:39:37.404Z - Request: /api/print/4ac549bb
2025-02-13T09:40:43.679Z - Request: /api/print/4ac549bb
2025-02-13T09:41:57.854Z - Request: /api/print/4ac549bb
2025-02-13T10:04:07.902Z - Request: /api/print/4ac549bb
2025-02-14T09:05:51.178Z - Request: /
2025-02-14T09:06:08.644Z - Request: /
2025-02-14T09:07:31.558Z - Request: /
2025-02-14T09:09:54.401Z - Request: /
2025-02-14T09:10:52.844Z - Request: /
2025-02-14T09:11:11.836Z - Request: /
2025-02-14T09:20:15.699Z - Request: /
